This is pdfTeX, Version 3.14159265-2.6-1.40.16 (TeX Live 2015) (preloaded format=pdflatex 2016.3.17)  15 OCT 2017 06:24
entering extended mode
 restricted \write18 enabled.
 file:line:error style messages enabled.
 %&-line parsing enabled.
**ICAS_final_v1.0.tex
(./ICAS_final_v1.0.tex
LaTeX2e <2016/02/01>
Babel <3.9q> and hyphenation patterns for 81 language(s) loaded.

! LaTeX Error: File `IEEEconf_mod.cls' not found.

Type X to quit or <RETURN> to proceed,
or enter new name. (Default extension: cls)

Enter file name: 
./ICAS_final_v1.0.tex:3: Emergency stop.
<read *> 
         
l.3 ^^M
       
End of file on the terminal!

 
Here is how much of TeX's memory you used:
 10 strings out of 493033
 236 string characters out of 6134139
 53492 words of memory out of 5000000
 3644 multiletter control sequences out of 15000+600000
 3640 words of font info for 14 fonts, out of 8000000 for 9000
 1141 hyphenation exceptions out of 8191
 10i,0n,7p,86b,8s stack positions out of 5000i,500n,10000p,200000b,80000s
./ICAS_final_v1.0.tex:3:  ==> Fatal error occurred, no output PDF file produced
!
