This is pdfTeX, Version 3.14159265-2.6-1.40.16 (TeX Live 2015) (preloaded format=pdflatex 2016.3.17)  7 OCT 2017 06:34
entering extended mode
 restricted \write18 enabled.
 file:line:error style messages enabled.
 %&-line parsing enabled.
**building_model.tex
(./building_model.tex
LaTeX2e <2016/02/01>
Babel <3.9q> and hyphenation patterns for 81 language(s) loaded.
(/usr/local/texlive/2015/texmf-dist/tex/latex/subfiles/subfiles.cls
Document Class: subfiles 2012/05/23 Federico Garcia
(/usr/local/texlive/2015/texmf-dist/tex/latex/tools/verbatim.sty
Package: verbatim 2014/10/28 v1.5q LaTeX2e package for verbatim enhancements
\every@verbatim=\toks14
\verbatim@line=\toks15
\verbatim@in@stream=\read1
)
Preamble taken from file `../../thesis.tex'
(../../thesis.tex

! LaTeX Error: File `lib/ucthesis.cls' not found.

Type X to quit or <RETURN> to proceed,
or enter new name. (Default extension: cls)

Enter file name: 
../../thesis.tex:2: Emergency stop.
<read *> 
         
l.2 \def
        \ssp{\def\baselinestretch{1.0}\large\normalsize}^^M
End of file on the terminal!

 
Here is how much of TeX's memory you used:
 58 strings out of 493033
 1176 string characters out of 6134139
 53492 words of memory out of 5000000
 3679 multiletter control sequences out of 15000+600000
 3640 words of font info for 14 fonts, out of 8000000 for 9000
 1141 hyphenation exceptions out of 8191
 18i,0n,17p,173b,16s stack positions out of 5000i,500n,10000p,200000b,80000s
../../thesis.tex:2:  ==> Fatal error occurred, no output PDF file produced!
